TN:
SF:/Users/cskura/Desktop/mobPool/src/polyfills.ts
FNF:0
FNH:0
LF:0
LH:0
BRF:0
BRH:0
end_of_record
TN:
SF:/Users/cskura/Desktop/mobPool/src/test.ts
FNF:0
FNH:0
DA:13,1
DA:18,1
DA:20,1
LF:3
LH:3
BRF:0
BRH:0
end_of_record
TN:
SF:/Users/cskura/Desktop/mobPool/src/app/app.component.ts
FN:9,(anonymous_0)
FNF:1
FNH:1
FNDA:1,(anonymous_0)
DA:8,1
LF:1
LH:1
BRF:0
BRH:0
end_of_record
TN:
SF:/Users/cskura/Desktop/mobPool/src/app/material.module.ts
FNF:0
FNH:0
DA:51,1
LF:1
LH:1
BRF:0
BRH:0
end_of_record
TN:
SF:/Users/cskura/Desktop/mobPool/src/app/components/admin-panel/admin-panel.component.ts
FN:22,(anonymous_0)
FN:26,(anonymous_1)
FN:28,(anonymous_2)
FN:31,(anonymous_3)
FN:38,(anonymous_4)
FN:42,(anonymous_5)
FN:47,(anonymous_6)
FN:62,(anonymous_7)
FN:66,(anonymous_8)
FN:70,(anonymous_9)
FN:75,(anonymous_10)
FNF:11
FNH:6
FNDA:1,(anonymous_0)
FNDA:2,(anonymous_1)
FNDA:2,(anonymous_2)
FNDA:0,(anonymous_3)
FNDA:1,(anonymous_4)
FNDA:0,(anonymous_5)
FNDA:0,(anonymous_6)
FNDA:0,(anonymous_7)
FNDA:0,(anonymous_8)
FNDA:24,(anonymous_9)
FNDA:1,(anonymous_10)
DA:14,1
DA:15,1
DA:16,1
DA:20,1
DA:23,1
DA:24,1
DA:27,2
DA:29,2
DA:31,2
DA:32,0
DA:33,0
DA:39,1
DA:43,0
DA:48,0
DA:49,0
DA:52,0
DA:54,0
DA:55,0
DA:57,0
DA:58,0
DA:63,0
DA:67,0
DA:72,24
DA:76,1
LF:24
LH:12
BRDA:48,0,0,0
BRDA:48,0,1,0
BRDA:48,1,0,0
BRDA:48,1,1,0
BRDA:54,2,0,0
BRDA:54,2,1,0
BRF:6
BRH:0
end_of_record
TN:
SF:/Users/cskura/Desktop/mobPool/src/app/components/dashboard/dashboard.component.ts
FN:20,(anonymous_0)
FN:22,(anonymous_1)
FN:24,(anonymous_2)
FN:27,(anonymous_3)
FN:34,(anonymous_4)
FN:39,(anonymous_5)
FN:43,(anonymous_6)
FNF:7
FNH:6
FNDA:1,(anonymous_0)
FNDA:1,(anonymous_1)
FNDA:1,(anonymous_2)
FNDA:6,(anonymous_3)
FNDA:1,(anonymous_4)
FNDA:0,(anonymous_5)
FNDA:1,(anonymous_6)
DA:12,1
DA:13,1
DA:14,1
DA:17,1
DA:18,1
DA:20,1
DA:23,1
DA:27,1
DA:28,6
DA:35,1
DA:36,1
DA:40,0
DA:44,1
LF:13
LH:12
BRF:0
BRH:0
end_of_record
TN:
SF:/Users/cskura/Desktop/mobPool/src/app/components/edit-profile/edit-profile.component.ts
FN:21,(anonymous_0)
FN:26,(anonymous_1)
FN:29,(anonymous_2)
FN:33,(anonymous_3)
FN:34,(anonymous_4)
FN:34,(anonymous_5)
FN:39,(anonymous_6)
FN:43,(anonymous_7)
FN:45,(anonymous_8)
FN:49,(anonymous_9)
FN:51,(anonymous_10)
FN:55,(anonymous_11)
FNF:12
FNH:8
FNDA:1,(anonymous_0)
FNDA:1,(anonymous_1)
FNDA:0,(anonymous_2)
FNDA:1,(anonymous_3)
FNDA:6,(anonymous_4)
FNDA:12,(anonymous_5)
FNDA:0,(anonymous_6)
FNDA:2,(anonymous_7)
FNDA:0,(anonymous_8)
FNDA:2,(anonymous_9)
FNDA:0,(anonymous_10)
FNDA:1,(anonymous_11)
DA:14,1
DA:21,1
DA:22,1
DA:23,1
DA:27,1
DA:28,1
DA:30,0
DA:32,1
DA:34,12
DA:40,0
DA:44,2
DA:45,2
DA:50,2
DA:51,2
DA:56,1
DA:57,1
LF:16
LH:14
BRDA:44,0,0,2
BRDA:44,0,1,0
BRDA:50,1,0,2
BRDA:50,1,1,0
BRF:4
BRH:2
end_of_record
TN:
SF:/Users/cskura/Desktop/mobPool/src/app/components/games/games.component.ts
FN:22,(anonymous_0)
FN:43,(anonymous_1)
FN:24,(anonymous_2)
FN:26,(anonymous_3)
FN:34,(anonymous_4)
FN:51,(anonymous_5)
FN:57,(anonymous_6)
FN:64,(anonymous_7)
FNF:8
FNH:5
FNDA:1,(anonymous_0)
FNDA:0,(anonymous_1)
FNDA:2,(anonymous_2)
FNDA:2,(anonymous_3)
FNDA:0,(anonymous_4)
FNDA:1,(anonymous_5)
FNDA:0,(anonymous_6)
FNDA:1,(anonymous_7)
DA:12,1
DA:13,1
DA:14,1
DA:15,1
DA:19,1
DA:20,1
DA:22,1
DA:25,2
DA:27,2
DA:28,0
DA:29,0
DA:31,2
DA:32,2
DA:34,2
DA:35,0
DA:36,0
DA:43,1
DA:44,0
DA:45,0
DA:46,0
DA:47,0
DA:52,1
DA:53,1
DA:54,1
DA:58,0
DA:59,0
DA:61,0
DA:65,1
LF:28
LH:17
BRDA:45,0,0,0
BRDA:45,0,1,0
BRDA:45,0,2,0
BRDA:27,1,0,0
BRDA:27,1,1,2
BRDA:58,2,0,0
BRDA:58,2,1,0
BRF:7
BRH:1
end_of_record
TN:
SF:/Users/cskura/Desktop/mobPool/src/app/components/landing-page/landing-page.component.ts
FN:11,(anonymous_0)
FN:13,(anonymous_1)
FNF:2
FNH:2
FNDA:2,(anonymous_0)
FNDA:1,(anonymous_1)
DA:9,1
DA:11,2
DA:14,1
LF:3
LH:3
BRF:0
BRH:0
end_of_record
TN:
SF:/Users/cskura/Desktop/mobPool/src/app/components/navigation/header/header.component.ts
FN:16,(anonymous_0)
FN:28,(anonymous_1)
FN:18,(anonymous_2)
FN:19,(anonymous_4)
FN:32,(anonymous_5)
FNF:5
FNH:4
FNDA:2,(anonymous_0)
FNDA:0,(anonymous_1)
FNDA:1,(anonymous_2)
FNDA:1,(anonymous_4)
FNDA:2,(anonymous_5)
DA:10,1
DA:14,2
DA:16,2
DA:19,1
DA:20,1
DA:21,1
DA:23,0
DA:28,2
DA:29,0
DA:33,2
LF:10
LH:8
BRDA:20,0,0,1
BRDA:20,0,1,0
BRF:2
BRH:1
end_of_record
TN:
SF:/Users/cskura/Desktop/mobPool/src/app/components/navigation/side-nav-list/side-nav-list.component.ts
FN:13,(anonymous_0)
FN:15,(anonymous_1)
FN:16,(anonymous_3)
FN:25,(anonymous_4)
FN:29,(anonymous_5)
FN:34,(anonymous_6)
FNF:6
FNH:3
FNDA:3,(anonymous_0)
FNDA:2,(anonymous_1)
FNDA:2,(anonymous_3)
FNDA:0,(anonymous_4)
FNDA:0,(anonymous_5)
FNDA:0,(anonymous_6)
DA:9,1
DA:11,3
DA:13,3
DA:16,2
DA:17,2
DA:18,2
DA:20,0
DA:26,0
DA:30,0
DA:31,0
DA:35,0
DA:36,0
LF:12
LH:6
BRDA:17,0,0,2
BRDA:17,0,1,0
BRF:2
BRH:1
end_of_record
TN:
SF:/Users/cskura/Desktop/mobPool/src/app/components/not-found/not-found.component.ts
FN:10,(anonymous_0)
FN:12,(anonymous_1)
FNF:2
FNH:2
FNDA:1,(anonymous_0)
FNDA:1,(anonymous_1)
DA:8,1
LF:1
LH:1
BRF:0
BRH:0
end_of_record
TN:
SF:/Users/cskura/Desktop/mobPool/src/app/components/player/player.component.ts
FN:10,(anonymous_0)
FN:12,(anonymous_1)
FNF:2
FNH:2
FNDA:1,(anonymous_0)
FNDA:1,(anonymous_1)
DA:8,1
LF:1
LH:1
BRF:0
BRH:0
end_of_record
TN:
SF:/Users/cskura/Desktop/mobPool/src/app/mocks/games.ts
FNF:0
FNH:0
DA:3,1
LF:1
LH:1
BRF:0
BRH:0
end_of_record
TN:
SF:/Users/cskura/Desktop/mobPool/src/app/mocks/players.ts
FNF:0
FNH:0
DA:3,1
LF:1
LH:1
BRF:0
BRH:0
end_of_record
TN:
SF:/Users/cskura/Desktop/mobPool/src/app/services/auth.service.ts
FN:20,(anonymous_0)
FN:26,(anonymous_1)
FN:39,(anonymous_2)
FN:51,(anonymous_4)
FN:56,(anonymous_6)
FNF:5
FNH:2
FNDA:7,(anonymous_0)
FNDA:18,(anonymous_1)
FNDA:0,(anonymous_2)
FNDA:0,(anonymous_4)
FNDA:0,(anonymous_6)
DA:17,1
DA:21,7
DA:22,7
DA:23,7
DA:25,7
DA:27,18
DA:28,0
DA:30,18
DA:31,18
DA:41,0
DA:42,0
DA:45,0
DA:46,0
DA:48,0
DA:52,0
DA:53,0
DA:57,0
DA:58,0
DA:59,0
DA:65,0
LF:20
LH:8
BRDA:27,0,0,0
BRDA:27,0,1,18
BRF:2
BRH:1
end_of_record
TN:
SF:/Users/cskura/Desktop/mobPool/src/app/services/games.service.ts
FN:24,(anonymous_0)
FN:29,(anonymous_1)
FN:36,(anonymous_2)
FN:39,(anonymous_3)
FN:40,(anonymous_4)
FN:51,(anonymous_5)
FN:55,(anonymous_6)
FN:56,(anonymous_7)
FN:76,(anonymous_8)
FN:85,(anonymous_9)
FN:86,(anonymous_10)
FN:91,(anonymous_11)
FNF:12
FNH:5
FNDA:4,(anonymous_0)
FNDA:4,(anonymous_1)
FNDA:5,(anonymous_2)
FNDA:5,(anonymous_3)
FNDA:30,(anonymous_4)
FNDA:0,(anonymous_5)
FNDA:0,(anonymous_6)
FNDA:0,(anonymous_7)
FNDA:0,(anonymous_8)
FNDA:0,(anonymous_9)
FNDA:0,(anonymous_10)
FNDA:0,(anonymous_11)
DA:15,1
DA:22,4
DA:25,4
DA:26,4
DA:28,4
DA:30,4
DA:32,4
DA:37,5
DA:40,5
DA:41,30
DA:42,30
DA:44,30
DA:48,5
DA:52,0
DA:53,0
DA:55,0
DA:56,0
DA:57,0
DA:58,0
DA:73,0
DA:78,0
DA:86,0
DA:87,0
DA:92,0
DA:93,0
DA:96,0
DA:99,0
LF:27
LH:13
BRDA:52,0,0,0
BRDA:52,0,1,0
BRDA:57,1,0,0
BRDA:57,1,1,0
BRDA:57,2,0,0
BRDA:57,2,1,0
BRDA:57,2,2,0
BRF:7
BRH:0
end_of_record
TN:
SF:/Users/cskura/Desktop/mobPool/src/app/services/player.service.ts
FN:18,(anonymous_0)
FN:20,(anonymous_1)
FN:25,(anonymous_2)
FN:28,(anonymous_3)
FN:29,(anonymous_4)
FN:40,(anonymous_5)
FN:42,(anonymous_6)
FN:56,(anonymous_7)
FN:70,(anonymous_8)
FN:78,(anonymous_9)
FN:85,(anonymous_10)
FN:86,(anonymous_11)
FNF:12
FNH:5
FNDA:6,(anonymous_0)
FNDA:0,(anonymous_1)
FNDA:5,(anonymous_2)
FNDA:5,(anonymous_3)
FNDA:30,(anonymous_4)
FNDA:1,(anonymous_5)
FNDA:0,(anonymous_6)
FNDA:0,(anonymous_7)
FNDA:0,(anonymous_8)
FNDA:0,(anonymous_9)
FNDA:0,(anonymous_10)
FNDA:0,(anonymous_11)
DA:12,1
DA:18,6
DA:19,6
DA:20,6
DA:26,5
DA:29,5
DA:31,30
DA:32,30
DA:34,30
DA:37,5
DA:41,1
DA:42,1
DA:43,0
DA:44,0
DA:46,0
DA:49,0
DA:50,0
DA:53,1
DA:57,0
DA:65,0
DA:71,0
DA:79,0
DA:86,0
DA:87,0
LF:24
LH:13
BRDA:43,0,0,0
BRDA:43,0,1,0
BRDA:43,1,0,0
BRDA:43,1,1,0
BRF:4
BRH:0
end_of_record
TN:
SF:/Users/cskura/Desktop/mobPool/src/app/shared/utilities/firebase-testing.module.ts
FN:30,(anonymous_0)
FN:32,(anonymous_1)
FN:35,(anonymous_2)
FN:46,(anonymous_3)
FN:51,(anonymous_4)
FNF:5
FNH:3
FNDA:10,(anonymous_0)
FNDA:1,(anonymous_1)
FNDA:1,(anonymous_2)
FNDA:0,(anonymous_3)
FNDA:0,(anonymous_4)
DA:17,1
DA:18,1
DA:21,1
DA:25,1
DA:30,10
DA:35,1
DA:40,1
DA:44,1
DA:46,1
DA:47,0
DA:48,0
DA:51,1
DA:52,0
DA:53,0
DA:56,1
DA:79,1
LF:16
LH:12
BRF:0
BRH:0
end_of_record
TN:
SF:/Users/cskura/Desktop/mobPool/src/app/shared/utilities/test-utils.ts
FN:5,byTestAttr
FN:9,clickByTestAttr
FN:13,getSnapShotChanges
FN:21,(anonymous_3)
FNF:4
FNH:3
FNDA:2,byTestAttr
FNDA:0,clickByTestAttr
FNDA:10,getSnapShotChanges
FNDA:60,(anonymous_3)
DA:6,2
DA:10,0
DA:14,10
DA:15,10
DA:17,10
DA:18,60
DA:22,60
DA:30,10
DA:31,10
DA:33,0
LF:10
LH:8
BRDA:30,0,0,10
BRDA:30,0,1,0
BRF:2
BRH:1
end_of_record
